2022-11-03 15:01:33,116 INFO:=======================================
2022-11-03 15:01:33,116 INFO:Start send AI result
2022-11-03 15:01:33,160 INFO:YOLOR  2022-10-31 torch 1.9.0 CUDA:0 (NVIDIA GeForce RTX 3060 Ti, 8191.5MB)

2022-11-03 15:01:36,398 INFO:Model Summary: 314 layers, 36519530 parameters, 6194944 gradients, 103.4 GFLOPS
2022-11-03 15:04:05,512 INFO:=======================================
2022-11-03 15:04:05,512 INFO:Start send AI result
2022-11-03 15:04:05,559 INFO:YOLOR  2022-10-31 torch 1.9.0 CUDA:0 (NVIDIA GeForce RTX 3060 Ti, 8191.5MB)

2022-11-03 15:04:08,547 INFO:Model Summary: 314 layers, 36519530 parameters, 6194944 gradients, 103.4 GFLOPS
2022-11-03 15:04:53,079 INFO:=======================================
2022-11-03 15:04:53,079 INFO:Start send AI result
2022-11-03 15:04:53,126 INFO:YOLOR  2022-10-31 torch 1.9.0 CUDA:0 (NVIDIA GeForce RTX 3060 Ti, 8191.5MB)

2022-11-03 15:04:56,113 INFO:Model Summary: 314 layers, 36519530 parameters, 6194944 gradients, 103.4 GFLOPS
2022-11-03 15:05:52,784 INFO:=======================================
2022-11-03 15:05:52,784 INFO:Start send AI result
2022-11-03 15:05:52,837 INFO:YOLOR  2022-10-31 torch 1.9.0 CUDA:0 (NVIDIA GeForce RTX 3060 Ti, 8191.5MB)

2022-11-03 15:05:55,811 INFO:Model Summary: 314 layers, 36519530 parameters, 6194944 gradients, 103.4 GFLOPS
2022-11-03 15:09:30,160 INFO:=======================================
2022-11-03 15:09:30,160 INFO:Start send AI result
2022-11-03 15:09:30,207 INFO:YOLOR  2022-10-31 torch 1.9.0 CUDA:0 (NVIDIA GeForce RTX 3060 Ti, 8191.5MB)

2022-11-03 15:09:33,167 INFO:Model Summary: 314 layers, 36519530 parameters, 6194944 gradients, 103.4 GFLOPS
2022-11-03 15:10:09,920 INFO:=======================================
2022-11-03 15:10:09,920 INFO:Start send AI result
2022-11-03 15:10:09,982 INFO:YOLOR  2022-10-31 torch 1.9.0 CUDA:0 (NVIDIA GeForce RTX 3060 Ti, 8191.5MB)

2022-11-03 15:10:12,936 INFO:Model Summary: 314 layers, 36519530 parameters, 6194944 gradients, 103.4 GFLOPS
2022-11-03 15:20:37,912 INFO:=======================================
2022-11-03 15:20:37,912 INFO:Start send AI result
2022-11-03 15:20:39,076 INFO:YOLOR  2022-10-31 torch 1.9.0 CUDA:0 (NVIDIA GeForce RTX 3060 Ti, 8191.5MB)

2022-11-03 15:20:42,081 INFO:Model Summary: 314 layers, 36519530 parameters, 6194944 gradients, 103.4 GFLOPS
2022-11-03 15:21:15,866 INFO:=======================================
2022-11-03 15:21:15,866 INFO:Start send AI result
2022-11-03 15:21:17,038 INFO:YOLOR  2022-10-31 torch 1.9.0 CUDA:0 (NVIDIA GeForce RTX 3060 Ti, 8191.5MB)

2022-11-03 15:21:19,955 INFO:Model Summary: 314 layers, 36519530 parameters, 6194944 gradients, 103.4 GFLOPS
2022-11-03 15:21:44,374 INFO:=======================================
2022-11-03 15:21:44,374 INFO:Start send AI result
2022-11-03 15:21:45,547 INFO:YOLOR  2022-10-31 torch 1.9.0 CUDA:0 (NVIDIA GeForce RTX 3060 Ti, 8191.5MB)

2022-11-03 15:21:48,438 INFO:Model Summary: 314 layers, 36519530 parameters, 6194944 gradients, 103.4 GFLOPS
2022-11-03 15:22:08,400 INFO:=======================================
2022-11-03 15:22:08,400 INFO:Start send AI result
2022-11-03 15:22:08,447 INFO:YOLOR  2022-10-31 torch 1.9.0 CUDA:0 (NVIDIA GeForce RTX 3060 Ti, 8191.5MB)

2022-11-03 15:22:11,363 INFO:Model Summary: 314 layers, 36519530 parameters, 6194944 gradients, 103.4 GFLOPS
2022-11-03 15:23:09,122 INFO:=======================================
2022-11-03 15:23:09,122 INFO:Start send AI result
2022-11-03 15:23:10,284 INFO:YOLOR  2022-10-31 torch 1.9.0 CUDA:0 (NVIDIA GeForce RTX 3060 Ti, 8191.5MB)

2022-11-03 15:23:13,165 INFO:Model Summary: 314 layers, 36519530 parameters, 6194944 gradients, 103.4 GFLOPS
2022-11-03 15:23:54,913 INFO:=======================================
2022-11-03 15:23:54,913 INFO:Start send AI result
2022-11-03 15:23:56,041 INFO:YOLOR  2022-10-31 torch 1.9.0 CUDA:0 (NVIDIA GeForce RTX 3060 Ti, 8191.5MB)

2022-11-03 15:23:58,968 INFO:Model Summary: 314 layers, 36519530 parameters, 6194944 gradients, 103.4 GFLOPS
2022-11-03 15:27:14,539 INFO:=======================================
2022-11-03 15:27:14,539 INFO:Start send AI result
2022-11-03 15:27:14,540 ERROR:  Error end
2022-11-03 15:27:57,481 INFO:=======================================
2022-11-03 15:27:57,481 INFO:Start send AI result
2022-11-03 15:27:57,481 ERROR:  Error end
2022-11-03 15:28:16,272 INFO:=======================================
2022-11-03 15:28:16,272 INFO:Start send AI result
2022-11-03 15:28:16,272 ERROR:  Error end
2022-11-03 15:28:31,866 INFO:=======================================
2022-11-03 15:28:31,866 INFO:Start send AI result
2022-11-03 15:28:31,867 ERROR:  Error end
2022-11-03 15:29:20,356 INFO:=======================================
2022-11-03 15:29:20,356 INFO:Start send AI result
2022-11-03 15:29:21,531 INFO:YOLOR  2022-10-31 torch 1.9.0 CUDA:0 (NVIDIA GeForce RTX 3060 Ti, 8191.5MB)

2022-11-03 15:29:24,405 INFO:Model Summary: 314 layers, 36519530 parameters, 6194944 gradients, 103.4 GFLOPS
2022-11-03 15:31:45,073 INFO:=======================================
2022-11-03 15:31:45,073 INFO:Start send AI result
2022-11-03 15:31:46,223 INFO:YOLOR  2022-10-31 torch 1.9.0 CUDA:0 (NVIDIA GeForce RTX 3060 Ti, 8191.5MB)

2022-11-03 15:31:49,174 INFO:Model Summary: 314 layers, 36519530 parameters, 6194944 gradients, 103.4 GFLOPS
2022-11-03 15:42:46,549 INFO:=======================================
2022-11-03 15:42:46,549 INFO:Start send AI result
2022-11-03 15:42:47,725 INFO:YOLOR  2022-10-31 torch 1.9.0 CUDA:0 (NVIDIA GeForce RTX 3060 Ti, 8191.5MB)

2022-11-03 15:42:50,643 INFO:Model Summary: 314 layers, 36519530 parameters, 6194944 gradients, 103.4 GFLOPS
2022-11-03 15:46:41,814 INFO:=======================================
2022-11-03 15:46:41,814 INFO:Start send AI result
2022-11-03 15:46:42,998 INFO:YOLOR  2022-10-31 torch 1.9.0 CUDA:0 (NVIDIA GeForce RTX 3060 Ti, 8191.5MB)

2022-11-03 15:46:46,057 INFO:Model Summary: 314 layers, 36519530 parameters, 6194944 gradients, 103.4 GFLOPS
2022-11-03 15:48:00,425 INFO:=======================================
2022-11-03 15:48:00,425 INFO:Start send AI result
2022-11-03 15:48:01,590 INFO:YOLOR  2022-10-31 torch 1.9.0 CUDA:0 (NVIDIA GeForce RTX 3060 Ti, 8191.5MB)

2022-11-03 15:48:04,506 INFO:Model Summary: 314 layers, 36519530 parameters, 6194944 gradients, 103.4 GFLOPS
2022-11-03 16:07:28,060 INFO:=======================================
2022-11-03 16:07:28,060 INFO:Start send AI result
2022-11-03 16:07:29,214 INFO:YOLOR  2022-10-31 torch 1.9.0 CUDA:0 (NVIDIA GeForce RTX 3060 Ti, 8191.5MB)

2022-11-03 16:07:32,190 INFO:Model Summary: 314 layers, 36519530 parameters, 6194944 gradients, 103.4 GFLOPS
2022-11-03 16:12:29,409 INFO:=======================================
2022-11-03 16:12:29,409 INFO:Start send AI result
2022-11-03 16:12:29,456 INFO:YOLOR  2022-10-31 torch 1.9.0 CUDA:0 (NVIDIA GeForce RTX 3060 Ti, 8191.5MB)

2022-11-03 16:12:32,369 INFO:Model Summary: 314 layers, 36519530 parameters, 6194944 gradients, 103.4 GFLOPS
2022-11-03 16:15:05,951 INFO:=======================================
2022-11-03 16:15:05,951 INFO:Start send AI result
2022-11-03 16:15:06,013 INFO:YOLOR  2022-10-31 torch 1.9.0 CUDA:0 (NVIDIA GeForce RTX 3060 Ti, 8191.5MB)

2022-11-03 16:15:08,919 INFO:Model Summary: 314 layers, 36519530 parameters, 6194944 gradients, 103.4 GFLOPS
2022-11-03 16:26:16,308 INFO:=======================================
2022-11-03 16:26:16,308 INFO:Start send AI result
2022-11-03 16:26:16,370 INFO:YOLOR  2022-10-31 torch 1.9.0 CUDA:0 (NVIDIA GeForce RTX 3060 Ti, 8191.5MB)

2022-11-03 16:26:19,310 INFO:Model Summary: 314 layers, 36519530 parameters, 6194944 gradients, 103.4 GFLOPS
2022-11-03 16:30:56,183 INFO:=======================================
2022-11-03 16:30:56,183 INFO:Start send AI result
2022-11-03 16:30:56,230 INFO:YOLOR  2022-10-31 torch 1.9.0 CUDA:0 (NVIDIA GeForce RTX 3060 Ti, 8191.5MB)

2022-11-03 16:30:59,148 INFO:Model Summary: 314 layers, 36519530 parameters, 6194944 gradients, 103.4 GFLOPS
2022-11-04 15:46:50,797 INFO:=======================================
2022-11-04 15:46:50,797 INFO:Start send AI result
2022-11-04 15:46:50,852 INFO:YOLOR  2022-10-31 torch 1.9.0 CUDA:0 (NVIDIA GeForce RTX 3060 Ti, 8191.5MB)

2022-11-04 15:47:13,727 INFO:=======================================
2022-11-04 15:47:13,727 INFO:Start send AI result
2022-11-04 15:47:13,781 INFO:YOLOR  2022-10-31 torch 1.9.0 CUDA:0 (NVIDIA GeForce RTX 3060 Ti, 8191.5MB)

2022-11-04 15:47:16,563 INFO:Model Summary: 314 layers, 36519530 parameters, 6194944 gradients, 103.4 GFLOPS
2022-11-04 15:47:51,166 INFO:=======================================
2022-11-04 15:47:51,167 INFO:Start send AI result
2022-11-04 15:47:51,219 INFO:YOLOR  2022-10-31 torch 1.9.0 CUDA:0 (NVIDIA GeForce RTX 3060 Ti, 8191.5MB)

2022-11-04 15:47:53,917 INFO:Model Summary: 314 layers, 36519530 parameters, 6194944 gradients, 103.4 GFLOPS
2022-11-04 15:49:31,223 INFO:=======================================
2022-11-04 15:49:31,224 INFO:Start send AI result
2022-11-04 15:49:31,276 INFO:YOLOR  2022-10-31 torch 1.9.0 CUDA:0 (NVIDIA GeForce RTX 3060 Ti, 8191.5MB)

2022-11-04 15:49:38,741 INFO:=======================================
2022-11-04 15:49:38,741 INFO:Start send AI result
2022-11-04 15:49:38,934 INFO:YOLOR  2022-10-31 torch 1.9.0 CUDA:0 (NVIDIA GeForce RTX 3060 Ti, 8191.5MB)

2022-11-04 15:49:41,641 INFO:Model Summary: 314 layers, 36519530 parameters, 6194944 gradients, 103.4 GFLOPS
2022-11-04 15:53:02,503 INFO:=======================================
2022-11-04 15:53:02,503 INFO:Start send AI result
2022-11-04 15:53:02,554 INFO:YOLOR  2022-10-31 torch 1.9.0 CUDA:0 (NVIDIA GeForce RTX 3060 Ti, 8191.5MB)

2022-11-04 15:53:05,287 INFO:Model Summary: 314 layers, 36519530 parameters, 6194944 gradients, 103.4 GFLOPS
2022-11-04 15:54:21,116 INFO:=======================================
2022-11-04 15:54:21,116 INFO:Start send AI result
2022-11-04 15:54:21,169 INFO:YOLOR  2022-10-31 torch 1.9.0 CUDA:0 (NVIDIA GeForce RTX 3060 Ti, 8191.5MB)

2022-11-04 15:54:23,844 INFO:Model Summary: 314 layers, 36519530 parameters, 6194944 gradients, 103.4 GFLOPS
2022-11-04 15:56:04,558 INFO:=======================================
2022-11-04 15:56:04,558 INFO:Start send AI result
2022-11-04 15:56:04,611 INFO:YOLOR  2022-10-31 torch 1.9.0 CUDA:0 (NVIDIA GeForce RTX 3060 Ti, 8191.5MB)

2022-11-04 15:56:07,342 INFO:Model Summary: 314 layers, 36519530 parameters, 6194944 gradients, 103.4 GFLOPS
2022-11-04 15:58:58,482 INFO:=======================================
2022-11-04 15:58:58,482 INFO:Start send AI result
2022-11-04 15:58:58,534 INFO:YOLOR  2022-10-31 torch 1.9.0 CUDA:0 (NVIDIA GeForce RTX 3060 Ti, 8191.5MB)

2022-11-04 15:59:01,268 INFO:Model Summary: 314 layers, 36519530 parameters, 6194944 gradients, 103.4 GFLOPS
2022-11-04 16:03:27,230 INFO:=======================================
2022-11-04 16:03:27,230 INFO:Start send AI result
2022-11-04 16:03:27,282 INFO:YOLOR  2022-10-31 torch 1.9.0 CUDA:0 (NVIDIA GeForce RTX 3060 Ti, 8191.5MB)

2022-11-04 16:03:29,981 INFO:Model Summary: 314 layers, 36519530 parameters, 6194944 gradients, 103.4 GFLOPS
2022-11-04 16:12:31,236 INFO:=======================================
2022-11-04 16:12:31,236 INFO:Start send AI result
2022-11-04 16:12:31,287 INFO:YOLOR  2022-10-31 torch 1.9.0 CUDA:0 (NVIDIA GeForce RTX 3060 Ti, 8191.5MB)

2022-11-04 16:12:34,098 INFO:Model Summary: 314 layers, 36519530 parameters, 6194944 gradients, 103.4 GFLOPS
2022-11-04 16:15:53,784 INFO:=======================================
2022-11-04 16:15:53,784 INFO:Start send AI result
2022-11-04 16:15:53,835 INFO:YOLOR  2022-10-31 torch 1.9.0 CUDA:0 (NVIDIA GeForce RTX 3060 Ti, 8191.5MB)

2022-11-04 16:15:56,605 INFO:Model Summary: 314 layers, 36519530 parameters, 6194944 gradients, 103.4 GFLOPS
2022-11-04 16:21:08,476 INFO:=======================================
2022-11-04 16:21:08,476 INFO:Start send AI result
2022-11-04 16:21:08,529 INFO:YOLOR  2022-10-31 torch 1.9.0 CUDA:0 (NVIDIA GeForce RTX 3060 Ti, 8191.5MB)

2022-11-04 16:21:11,255 INFO:Model Summary: 314 layers, 36519530 parameters, 6194944 gradients, 103.4 GFLOPS
2022-11-04 16:21:26,312 INFO:=======================================
2022-11-04 16:21:26,312 INFO:Start send AI result
2022-11-04 16:21:26,365 INFO:YOLOR  2022-10-31 torch 1.9.0 CUDA:0 (NVIDIA GeForce RTX 3060 Ti, 8191.5MB)

2022-11-04 16:21:29,086 INFO:Model Summary: 314 layers, 36519530 parameters, 6194944 gradients, 103.4 GFLOPS
2022-11-04 19:18:21,115 INFO:=======================================
2022-11-04 19:18:21,115 INFO:Start send AI result
2022-11-04 19:18:21,168 INFO:YOLOR  2022-10-31 torch 1.9.0 CUDA:0 (NVIDIA GeForce RTX 3060 Ti, 8191.5MB)

2022-11-04 19:18:24,004 INFO:Model Summary: 314 layers, 36519530 parameters, 6194944 gradients, 103.4 GFLOPS
2022-11-04 19:19:43,183 INFO:=======================================
2022-11-04 19:19:43,183 INFO:Start send AI result
2022-11-04 19:19:43,237 INFO:YOLOR  2022-10-31 torch 1.9.0 CUDA:0 (NVIDIA GeForce RTX 3060 Ti, 8191.5MB)

2022-11-04 19:19:46,139 INFO:Model Summary: 314 layers, 36519530 parameters, 6194944 gradients, 103.4 GFLOPS
2022-11-04 19:21:09,261 INFO:=======================================
2022-11-04 19:21:09,261 INFO:Start send AI result
2022-11-04 19:21:09,316 INFO:YOLOR  2022-10-31 torch 1.9.0 CUDA:0 (NVIDIA GeForce RTX 3060 Ti, 8191.5MB)

2022-11-04 19:21:12,139 INFO:Model Summary: 314 layers, 36519530 parameters, 6194944 gradients, 103.4 GFLOPS
2022-11-04 19:35:02,258 INFO:=======================================
2022-11-04 19:35:02,258 INFO:Start send AI result
2022-11-04 19:35:02,316 INFO:YOLOR  2022-10-31 torch 1.9.0 CUDA:0 (NVIDIA GeForce RTX 3060 Ti, 8191.5MB)

2022-11-04 19:35:05,364 INFO:Model Summary: 314 layers, 36519530 parameters, 6194944 gradients, 103.4 GFLOPS
2022-11-04 19:36:02,615 INFO:=======================================
2022-11-04 19:36:02,615 INFO:Start send AI result
2022-11-04 19:36:02,669 INFO:YOLOR  2022-10-31 torch 1.9.0 CUDA:0 (NVIDIA GeForce RTX 3060 Ti, 8191.5MB)

2022-11-04 19:36:05,687 INFO:Model Summary: 314 layers, 36519530 parameters, 6194944 gradients, 103.4 GFLOPS
2022-11-04 19:37:21,353 INFO:=======================================
2022-11-04 19:37:21,354 INFO:Start send AI result
2022-11-04 19:37:21,423 INFO:YOLOR  2022-10-31 torch 1.9.0 CUDA:0 (NVIDIA GeForce RTX 3060 Ti, 8191.5MB)

2022-11-04 19:37:24,592 INFO:Model Summary: 314 layers, 36519530 parameters, 6194944 gradients, 103.4 GFLOPS
2022-11-04 19:37:30,195 INFO:video save_path is runs\detect\exp9\sample01.mp4
2022-11-04 19:38:18,259 INFO:=======================================
2022-11-04 19:38:18,259 INFO:Start send AI result
2022-11-04 19:38:18,314 INFO:YOLOR  2022-10-31 torch 1.9.0 CUDA:0 (NVIDIA GeForce RTX 3060 Ti, 8191.5MB)

2022-11-04 19:38:21,403 INFO:Model Summary: 314 layers, 36519530 parameters, 6194944 gradients, 103.4 GFLOPS
2022-11-04 19:38:26,872 INFO:video save_path is runs\detect\exp10\sample01.mp4
2022-11-08 11:54:17,959 INFO:=======================================
2022-11-08 11:54:17,959 INFO:Start send AI result
2022-11-08 11:54:18,021 INFO:YOLOR  2022-10-31 torch 1.9.0 CUDA:0 (NVIDIA GeForce RTX 3060 Ti, 8191.5MB)

2022-11-08 11:54:20,826 INFO:Model Summary: 314 layers, 36519530 parameters, 6194944 gradients, 103.4 GFLOPS
2022-11-08 11:55:25,736 INFO:=======================================
2022-11-08 11:55:25,737 INFO:Start send AI result
2022-11-08 11:55:25,785 INFO:YOLOR  2022-10-31 torch 1.9.0 CUDA:0 (NVIDIA GeForce RTX 3060 Ti, 8191.5MB)

2022-11-08 11:55:28,572 INFO:Model Summary: 314 layers, 36519530 parameters, 6194944 gradients, 103.4 GFLOPS
2022-11-09 17:24:40,255 INFO:=======================================
2022-11-09 17:24:40,271 INFO:Start send AI result
2022-11-09 17:24:40,329 INFO:YOLOR  2022-10-31 torch 1.9.0 CUDA:0 (NVIDIA GeForce RTX 3060 Ti, 8191.5MB)

2022-11-09 17:24:52,100 INFO:Model Summary: 314 layers, 36519530 parameters, 6194944 gradients, 103.4 GFLOPS
2022-11-09 18:36:24,239 INFO:=======================================
2022-11-09 18:36:24,239 INFO:Start send AI result
2022-11-09 18:36:25,445 INFO:YOLOR  2022-10-31 torch 1.9.0 CUDA:0 (NVIDIA GeForce RTX 3060 Ti, 8191.5MB)

2022-11-09 18:36:28,694 INFO:Model Summary: 314 layers, 36519530 parameters, 6194944 gradients, 103.4 GFLOPS
2022-11-09 18:40:27,669 INFO:=======================================
2022-11-09 18:40:27,669 INFO:Start send AI result
2022-11-09 18:40:28,817 INFO:YOLOR  2022-10-31 torch 1.9.0 CUDA:0 (NVIDIA GeForce RTX 3060 Ti, 8191.5MB)

2022-11-09 18:40:31,434 INFO:Model Summary: 314 layers, 36519530 parameters, 6194944 gradients, 103.4 GFLOPS
2022-11-09 18:43:21,521 INFO:=======================================
2022-11-09 18:43:21,521 INFO:Start send AI result
2022-11-09 18:43:22,700 INFO:YOLOR  2022-10-31 torch 1.9.0 CUDA:0 (NVIDIA GeForce RTX 3060 Ti, 8191.5MB)

2022-11-09 18:43:25,479 INFO:Model Summary: 314 layers, 36519530 parameters, 6194944 gradients, 103.4 GFLOPS
2022-11-09 18:48:24,927 INFO:=======================================
2022-11-09 18:48:24,927 INFO:Start send AI result
2022-11-09 18:48:24,964 INFO:YOLOR  2022-10-31 torch 1.9.0 CUDA:0 (NVIDIA GeForce RTX 3060 Ti, 8191.5MB)

2022-11-09 18:48:27,621 INFO:Model Summary: 314 layers, 36519530 parameters, 6194944 gradients, 103.4 GFLOPS
2022-11-09 18:49:25,031 INFO:=======================================
2022-11-09 18:49:25,031 INFO:Start send AI result
2022-11-09 18:49:26,192 INFO:YOLOR  2022-10-31 torch 1.9.0 CUDA:0 (NVIDIA GeForce RTX 3060 Ti, 8191.5MB)

2022-11-09 18:49:28,833 INFO:Model Summary: 314 layers, 36519530 parameters, 6194944 gradients, 103.4 GFLOPS
2022-11-09 18:51:10,614 INFO:=======================================
2022-11-09 18:51:10,614 INFO:Start send AI result
2022-11-09 18:51:10,667 INFO:YOLOR  2022-10-31 torch 1.9.0 CUDA:0 (NVIDIA GeForce RTX 3060 Ti, 8191.5MB)

2022-11-09 18:51:13,349 INFO:Model Summary: 314 layers, 36519530 parameters, 6194944 gradients, 103.4 GFLOPS
2022-11-09 18:51:33,877 INFO:=======================================
2022-11-09 18:51:33,877 INFO:Start send AI result
2022-11-09 18:51:35,054 INFO:YOLOR  2022-10-31 torch 1.9.0 CUDA:0 (NVIDIA GeForce RTX 3060 Ti, 8191.5MB)

2022-11-09 18:51:37,677 INFO:Model Summary: 314 layers, 36519530 parameters, 6194944 gradients, 103.4 GFLOPS
2022-11-09 18:55:37,265 INFO:=======================================
2022-11-09 18:55:37,266 INFO:Start send AI result
2022-11-09 18:55:38,422 INFO:YOLOR  2022-10-31 torch 1.9.0 CUDA:0 (NVIDIA GeForce RTX 3060 Ti, 8191.5MB)

2022-11-09 18:55:41,148 INFO:Model Summary: 314 layers, 36519530 parameters, 6194944 gradients, 103.4 GFLOPS
2022-11-09 18:57:15,054 INFO:=======================================
2022-11-09 18:57:15,054 INFO:Start send AI result
2022-11-09 18:57:16,198 INFO:YOLOR  2022-10-31 torch 1.9.0 CUDA:0 (NVIDIA GeForce RTX 3060 Ti, 8191.5MB)

2022-11-09 18:57:18,906 INFO:Model Summary: 314 layers, 36519530 parameters, 6194944 gradients, 103.4 GFLOPS
2022-11-09 18:58:11,090 INFO:=======================================
2022-11-09 18:58:11,091 INFO:Start send AI result
2022-11-09 18:58:12,234 INFO:YOLOR  2022-10-31 torch 1.9.0 CUDA:0 (NVIDIA GeForce RTX 3060 Ti, 8191.5MB)

2022-11-09 18:58:15,050 INFO:Model Summary: 314 layers, 36519530 parameters, 6194944 gradients, 103.4 GFLOPS
2022-11-09 18:58:43,040 INFO:=======================================
2022-11-09 18:58:43,040 INFO:Start send AI result
2022-11-09 18:58:44,191 INFO:YOLOR  2022-10-31 torch 1.9.0 CUDA:0 (NVIDIA GeForce RTX 3060 Ti, 8191.5MB)

2022-11-09 18:58:47,057 INFO:Model Summary: 314 layers, 36519530 parameters, 6194944 gradients, 103.4 GFLOPS
2022-11-09 19:03:14,284 INFO:=======================================
2022-11-09 19:03:14,284 INFO:Start send AI result
2022-11-09 19:03:15,419 INFO:YOLOR  2022-10-31 torch 1.9.0 CUDA:0 (NVIDIA GeForce RTX 3060 Ti, 8191.5MB)

2022-11-09 19:03:18,271 INFO:Model Summary: 314 layers, 36519530 parameters, 6194944 gradients, 103.4 GFLOPS
2022-11-09 19:05:03,432 INFO:=======================================
2022-11-09 19:05:03,432 INFO:Start send AI result
2022-11-09 19:05:04,572 INFO:YOLOR  2022-10-31 torch 1.9.0 CUDA:0 (NVIDIA GeForce RTX 3060 Ti, 8191.5MB)

2022-11-09 19:05:07,388 INFO:Model Summary: 314 layers, 36519530 parameters, 6194944 gradients, 103.4 GFLOPS
2022-11-09 19:22:58,794 INFO:=======================================
2022-11-09 19:22:58,794 INFO:Start send AI result
2022-11-09 19:22:58,841 INFO:YOLOR  2022-10-31 torch 1.9.0 CUDA:0 (NVIDIA GeForce RTX 3060 Ti, 8191.5MB)

2022-11-09 19:23:01,517 INFO:Model Summary: 314 layers, 36519530 parameters, 6194944 gradients, 103.4 GFLOPS
2022-11-09 19:23:10,077 INFO:=======================================
2022-11-09 19:23:10,077 INFO:Start send AI result
2022-11-09 19:23:11,221 INFO:YOLOR  2022-10-31 torch 1.9.0 CUDA:0 (NVIDIA GeForce RTX 3060 Ti, 8191.5MB)

2022-11-09 19:23:13,845 INFO:Model Summary: 314 layers, 36519530 parameters, 6194944 gradients, 103.4 GFLOPS
2022-11-09 19:51:47,139 INFO:=======================================
2022-11-09 19:51:47,139 INFO:Start send AI result
2022-11-09 19:51:48,279 INFO:YOLOR  2022-10-31 torch 1.9.0 CUDA:0 (NVIDIA GeForce RTX 3060 Ti, 8191.5MB)

2022-11-09 19:51:50,940 INFO:Model Summary: 314 layers, 36519530 parameters, 6194944 gradients, 103.4 GFLOPS
2022-11-09 19:54:08,833 INFO:=======================================
2022-11-09 19:54:08,834 INFO:Start send AI result
2022-11-09 19:54:09,990 INFO:YOLOR  2022-10-31 torch 1.9.0 CUDA:0 (NVIDIA GeForce RTX 3060 Ti, 8191.5MB)

2022-11-09 19:54:12,637 INFO:Model Summary: 314 layers, 36519530 parameters, 6194944 gradients, 103.4 GFLOPS
2022-11-09 19:54:48,728 INFO:=======================================
2022-11-09 19:54:48,728 INFO:Start send AI result
2022-11-09 19:54:49,863 INFO:YOLOR  2022-10-31 torch 1.9.0 CUDA:0 (NVIDIA GeForce RTX 3060 Ti, 8191.5MB)

2022-11-09 19:54:52,517 INFO:Model Summary: 314 layers, 36519530 parameters, 6194944 gradients, 103.4 GFLOPS
2022-11-09 20:00:13,321 INFO:=======================================
2022-11-09 20:00:13,321 INFO:Start send AI result
2022-11-09 20:00:14,454 INFO:YOLOR  2022-10-31 torch 1.9.0 CUDA:0 (NVIDIA GeForce RTX 3060 Ti, 8191.5MB)

2022-11-09 20:00:17,132 INFO:Model Summary: 314 layers, 36519530 parameters, 6194944 gradients, 103.4 GFLOPS
2022-11-09 20:02:09,031 INFO:=======================================
2022-11-09 20:02:09,031 INFO:Start send AI result
2022-11-09 20:02:10,207 INFO:YOLOR  2022-10-31 torch 1.9.0 CUDA:0 (NVIDIA GeForce RTX 3060 Ti, 8191.5MB)

2022-11-09 20:02:12,892 INFO:Model Summary: 314 layers, 36519530 parameters, 6194944 gradients, 103.4 GFLOPS
2022-11-09 20:18:07,517 INFO:=======================================
2022-11-09 20:18:07,517 INFO:Start send AI result
2022-11-09 20:18:08,695 INFO:YOLOR  2022-10-31 torch 1.9.0 CUDA:0 (NVIDIA GeForce RTX 3060 Ti, 8191.5MB)

2022-11-09 20:18:11,324 INFO:Model Summary: 314 layers, 36519530 parameters, 6194944 gradients, 103.4 GFLOPS
2022-11-09 20:19:33,598 INFO:=======================================
2022-11-09 20:19:33,598 INFO:Start send AI result
2022-11-09 20:19:34,761 INFO:YOLOR  2022-10-31 torch 1.9.0 CUDA:0 (NVIDIA GeForce RTX 3060 Ti, 8191.5MB)

2022-11-09 20:19:37,406 INFO:Model Summary: 314 layers, 36519530 parameters, 6194944 gradients, 103.4 GFLOPS
2022-11-09 20:20:02,260 INFO:=======================================
2022-11-09 20:20:02,260 INFO:Start send AI result
2022-11-09 20:20:03,405 INFO:YOLOR  2022-10-31 torch 1.9.0 CUDA:0 (NVIDIA GeForce RTX 3060 Ti, 8191.5MB)

2022-11-09 20:20:06,037 INFO:Model Summary: 314 layers, 36519530 parameters, 6194944 gradients, 103.4 GFLOPS
2022-11-09 20:22:21,964 INFO:=======================================
2022-11-09 20:22:21,964 INFO:Start send AI result
2022-11-09 20:22:23,140 INFO:YOLOR  2022-10-31 torch 1.9.0 CUDA:0 (NVIDIA GeForce RTX 3060 Ti, 8191.5MB)

2022-11-09 20:22:25,768 INFO:Model Summary: 314 layers, 36519530 parameters, 6194944 gradients, 103.4 GFLOPS
2022-11-09 20:25:03,351 INFO:=======================================
2022-11-09 20:25:03,351 INFO:Start send AI result
2022-11-09 20:25:04,504 INFO:YOLOR  2022-10-31 torch 1.9.0 CUDA:0 (NVIDIA GeForce RTX 3060 Ti, 8191.5MB)

2022-11-09 20:25:07,178 INFO:Model Summary: 314 layers, 36519530 parameters, 6194944 gradients, 103.4 GFLOPS
2022-11-09 20:25:47,480 INFO:=======================================
2022-11-09 20:25:47,480 INFO:Start send AI result
2022-11-09 20:25:48,649 INFO:YOLOR  2022-10-31 torch 1.9.0 CUDA:0 (NVIDIA GeForce RTX 3060 Ti, 8191.5MB)

2022-11-09 20:25:51,421 INFO:Model Summary: 314 layers, 36519530 parameters, 6194944 gradients, 103.4 GFLOPS
2022-11-09 20:27:37,656 INFO:=======================================
2022-11-09 20:27:37,657 INFO:Start send AI result
2022-11-09 20:27:38,829 INFO:YOLOR  2022-10-31 torch 1.9.0 CUDA:0 (NVIDIA GeForce RTX 3060 Ti, 8191.5MB)

2022-11-09 20:27:41,479 INFO:Model Summary: 314 layers, 36519530 parameters, 6194944 gradients, 103.4 GFLOPS
2022-11-09 20:30:17,356 INFO:=======================================
2022-11-09 20:30:17,356 INFO:Start send AI result
2022-11-09 20:30:18,533 INFO:YOLOR  2022-10-31 torch 1.9.0 CUDA:0 (NVIDIA GeForce RTX 3060 Ti, 8191.5MB)

2022-11-09 20:30:21,191 INFO:Model Summary: 314 layers, 36519530 parameters, 6194944 gradients, 103.4 GFLOPS
2022-11-09 20:30:40,950 INFO:=======================================
2022-11-09 20:30:40,950 INFO:Start send AI result
2022-11-09 20:30:42,115 INFO:YOLOR  2022-10-31 torch 1.9.0 CUDA:0 (NVIDIA GeForce RTX 3060 Ti, 8191.5MB)

2022-11-09 20:30:44,832 INFO:Model Summary: 314 layers, 36519530 parameters, 6194944 gradients, 103.4 GFLOPS
2022-11-09 20:34:02,916 INFO:=======================================
2022-11-09 20:34:02,916 INFO:Start send AI result
2022-11-09 20:34:04,082 INFO:YOLOR  2022-10-31 torch 1.9.0 CUDA:0 (NVIDIA GeForce RTX 3060 Ti, 8191.5MB)

2022-11-09 20:34:07,001 INFO:Model Summary: 314 layers, 36519530 parameters, 6194944 gradients, 103.4 GFLOPS
2022-11-09 20:34:57,079 INFO:=======================================
2022-11-09 20:34:57,079 INFO:Start send AI result
2022-11-09 20:34:58,242 INFO:YOLOR  2022-10-31 torch 1.9.0 CUDA:0 (NVIDIA GeForce RTX 3060 Ti, 8191.5MB)

2022-11-09 20:35:00,861 INFO:Model Summary: 314 layers, 36519530 parameters, 6194944 gradients, 103.4 GFLOPS
2022-11-09 20:38:29,017 INFO:=======================================
2022-11-09 20:38:29,017 INFO:Start send AI result
2022-11-09 20:38:30,212 INFO:YOLOR  2022-10-31 torch 1.9.0 CUDA:0 (NVIDIA GeForce RTX 3060 Ti, 8191.5MB)

2022-11-09 20:38:32,860 INFO:Model Summary: 314 layers, 36519530 parameters, 6194944 gradients, 103.4 GFLOPS
2022-11-09 20:39:36,587 INFO:=======================================
2022-11-09 20:39:36,587 INFO:Start send AI result
2022-11-09 20:39:37,733 INFO:YOLOR  2022-10-31 torch 1.9.0 CUDA:0 (NVIDIA GeForce RTX 3060 Ti, 8191.5MB)

2022-11-09 20:39:40,373 INFO:Model Summary: 314 layers, 36519530 parameters, 6194944 gradients, 103.4 GFLOPS
2022-11-09 20:43:46,990 INFO:=======================================
2022-11-09 20:43:46,990 INFO:Start send AI result
2022-11-09 20:43:48,199 INFO:YOLOR  2022-10-31 torch 1.9.0 CUDA:0 (NVIDIA GeForce RTX 3060 Ti, 8191.5MB)

2022-11-09 20:43:50,833 INFO:Model Summary: 314 layers, 36519530 parameters, 6194944 gradients, 103.4 GFLOPS
2022-11-25 17:25:02,764 INFO:=======================================
2022-11-25 17:25:02,780 INFO:Start send AI result
2022-11-25 17:25:03,984 INFO:YOLOR  2022-10-31 torch 1.9.0 CUDA:0 (NVIDIA GeForce RTX 3060 Ti, 8191.5MB)

2022-11-25 17:25:13,625 INFO:Model Summary: 314 layers, 36519530 parameters, 6194944 gradients, 103.4 GFLOPS
2022-11-25 17:25:38,554 INFO:=======================================
2022-11-25 17:25:38,554 INFO:Start send AI result
2022-11-25 17:25:39,685 INFO:YOLOR  2022-10-31 torch 1.9.0 CUDA:0 (NVIDIA GeForce RTX 3060 Ti, 8191.5MB)

2022-11-25 17:25:42,483 INFO:Model Summary: 314 layers, 36519530 parameters, 6194944 gradients, 103.4 GFLOPS
2022-11-25 17:26:37,298 INFO:=======================================
2022-11-25 17:26:37,298 INFO:Start send AI result
2022-11-25 17:26:37,361 INFO:YOLOR  2022-10-31 torch 1.9.0 CUDA:0 (NVIDIA GeForce RTX 3060 Ti, 8191.5MB)

2022-11-25 17:26:40,111 INFO:Model Summary: 314 layers, 36519530 parameters, 6194944 gradients, 103.4 GFLOPS
2022-11-25 18:05:50,413 INFO:=======================================
2022-11-25 18:05:50,413 INFO:Start send AI result
2022-11-25 18:05:50,460 INFO:YOLOR  2022-10-31 torch 1.9.0 CUDA:0 (NVIDIA GeForce RTX 3060 Ti, 8191.5MB)

2022-11-25 18:05:53,113 INFO:Model Summary: 314 layers, 36519530 parameters, 6194944 gradients, 103.4 GFLOPS
2022-11-25 18:06:53,289 INFO:=======================================
2022-11-25 18:06:53,289 INFO:Start send AI result
2022-11-25 18:06:54,560 INFO:YOLOR  2022-10-31 torch 1.9.0 CUDA:0 (NVIDIA GeForce RTX 3060 Ti, 8191.5MB)

2022-11-25 18:06:57,171 INFO:Model Summary: 314 layers, 36519530 parameters, 6194944 gradients, 103.4 GFLOPS
2022-11-25 18:10:44,243 INFO:=======================================
2022-11-25 18:10:44,243 INFO:Start send AI result
2022-11-25 18:10:45,466 INFO:YOLOR  2022-10-31 torch 1.9.0 CUDA:0 (NVIDIA GeForce RTX 3060 Ti, 8191.5MB)

2022-11-25 18:10:48,085 INFO:Model Summary: 314 layers, 36519530 parameters, 6194944 gradients, 103.4 GFLOPS
2022-11-25 18:11:22,389 INFO:=======================================
2022-11-25 18:11:22,389 INFO:Start send AI result
2022-11-25 18:11:23,625 INFO:YOLOR  2022-10-31 torch 1.9.0 CUDA:0 (NVIDIA GeForce RTX 3060 Ti, 8191.5MB)

2022-11-25 18:11:26,252 INFO:Model Summary: 314 layers, 36519530 parameters, 6194944 gradients, 103.4 GFLOPS
2022-11-25 18:20:25,439 INFO:=======================================
2022-11-25 18:20:25,439 INFO:Start send AI result
2022-11-25 18:20:26,685 INFO:YOLOR  2022-10-31 torch 1.9.0 CUDA:0 (NVIDIA GeForce RTX 3060 Ti, 8191.5MB)

2022-11-25 18:20:29,293 INFO:Model Summary: 314 layers, 36519530 parameters, 6194944 gradients, 103.4 GFLOPS
2022-11-25 18:23:18,128 INFO:=======================================
2022-11-25 18:23:18,128 INFO:Start send AI result
2022-11-25 18:23:19,357 INFO:YOLOR  2022-10-31 torch 1.9.0 CUDA:0 (NVIDIA GeForce RTX 3060 Ti, 8191.5MB)

2022-11-25 18:23:22,017 INFO:Model Summary: 314 layers, 36519530 parameters, 6194944 gradients, 103.4 GFLOPS
2022-11-25 18:23:59,329 INFO:=======================================
2022-11-25 18:23:59,329 INFO:Start send AI result
2022-11-25 18:24:00,537 INFO:YOLOR  2022-10-31 torch 1.9.0 CUDA:0 (NVIDIA GeForce RTX 3060 Ti, 8191.5MB)

2022-11-25 18:24:03,156 INFO:Model Summary: 314 layers, 36519530 parameters, 6194944 gradients, 103.4 GFLOPS
2022-11-25 18:24:58,487 INFO:=======================================
2022-11-25 18:24:58,487 INFO:Start send AI result
2022-11-25 18:24:59,713 INFO:YOLOR  2022-10-31 torch 1.9.0 CUDA:0 (NVIDIA GeForce RTX 3060 Ti, 8191.5MB)

2022-11-25 18:25:02,347 INFO:Model Summary: 314 layers, 36519530 parameters, 6194944 gradients, 103.4 GFLOPS
2022-11-25 18:28:41,664 INFO:=======================================
2022-11-25 18:28:41,664 INFO:Start send AI result
2022-11-25 18:28:42,895 INFO:YOLOR  2022-10-31 torch 1.9.0 CUDA:0 (NVIDIA GeForce RTX 3060 Ti, 8191.5MB)

2022-11-25 18:28:45,538 INFO:Model Summary: 314 layers, 36519530 parameters, 6194944 gradients, 103.4 GFLOPS
2022-11-25 18:30:19,679 INFO:=======================================
2022-11-25 18:30:19,679 INFO:Start send AI result
2022-11-25 18:30:20,908 INFO:YOLOR  2022-10-31 torch 1.9.0 CUDA:0 (NVIDIA GeForce RTX 3060 Ti, 8191.5MB)

2022-11-25 18:30:23,549 INFO:Model Summary: 314 layers, 36519530 parameters, 6194944 gradients, 103.4 GFLOPS
2022-11-25 18:32:08,328 INFO:=======================================
2022-11-25 18:32:08,328 INFO:Start send AI result
2022-11-25 18:32:09,541 INFO:YOLOR  2022-10-31 torch 1.9.0 CUDA:0 (NVIDIA GeForce RTX 3060 Ti, 8191.5MB)

2022-11-25 18:32:12,198 INFO:Model Summary: 314 layers, 36519530 parameters, 6194944 gradients, 103.4 GFLOPS
2022-11-25 18:35:07,424 INFO:=======================================
2022-11-25 18:35:07,424 INFO:Start send AI result
2022-11-25 18:35:08,668 INFO:YOLOR  2022-10-31 torch 1.9.0 CUDA:0 (NVIDIA GeForce RTX 3060 Ti, 8191.5MB)

2022-11-25 18:35:11,298 INFO:Model Summary: 314 layers, 36519530 parameters, 6194944 gradients, 103.4 GFLOPS
2022-11-25 18:37:16,510 INFO:=======================================
2022-11-25 18:37:16,510 INFO:Start send AI result
2022-11-25 18:37:17,751 INFO:YOLOR  2022-10-31 torch 1.9.0 CUDA:0 (NVIDIA GeForce RTX 3060 Ti, 8191.5MB)

2022-11-25 18:37:20,392 INFO:Model Summary: 314 layers, 36519530 parameters, 6194944 gradients, 103.4 GFLOPS
2022-11-25 18:37:39,161 INFO:=======================================
2022-11-25 18:37:39,161 INFO:Start send AI result
2022-11-25 18:37:40,369 INFO:YOLOR  2022-10-31 torch 1.9.0 CUDA:0 (NVIDIA GeForce RTX 3060 Ti, 8191.5MB)

2022-11-25 18:37:43,023 INFO:Model Summary: 314 layers, 36519530 parameters, 6194944 gradients, 103.4 GFLOPS
2022-11-25 18:46:02,705 INFO:=======================================
2022-11-25 18:46:02,705 INFO:Start send AI result
2022-11-25 18:46:03,950 INFO:YOLOR  2022-10-31 torch 1.9.0 CUDA:0 (NVIDIA GeForce RTX 3060 Ti, 8191.5MB)

2022-11-25 18:46:06,676 INFO:Model Summary: 314 layers, 36519530 parameters, 6194944 gradients, 103.4 GFLOPS
2022-11-25 18:47:02,973 INFO:=======================================
2022-11-25 18:47:02,973 INFO:Start send AI result
2022-11-25 18:47:04,212 INFO:YOLOR  2022-10-31 torch 1.9.0 CUDA:0 (NVIDIA GeForce RTX 3060 Ti, 8191.5MB)

2022-11-25 18:47:06,913 INFO:Model Summary: 314 layers, 36519530 parameters, 6194944 gradients, 103.4 GFLOPS
2022-11-25 18:48:01,822 INFO:=======================================
2022-11-25 18:48:01,822 INFO:Start send AI result
2022-11-25 18:48:03,053 INFO:YOLOR  2022-10-31 torch 1.9.0 CUDA:0 (NVIDIA GeForce RTX 3060 Ti, 8191.5MB)

2022-11-25 18:48:05,755 INFO:Model Summary: 314 layers, 36519530 parameters, 6194944 gradients, 103.4 GFLOPS
2022-11-25 18:48:19,218 INFO:=======================================
2022-11-25 18:48:19,218 INFO:Start send AI result
2022-11-25 18:48:20,465 INFO:YOLOR  2022-10-31 torch 1.9.0 CUDA:0 (NVIDIA GeForce RTX 3060 Ti, 8191.5MB)

2022-11-25 18:48:23,164 INFO:Model Summary: 314 layers, 36519530 parameters, 6194944 gradients, 103.4 GFLOPS
2022-11-25 18:55:57,306 INFO:=======================================
2022-11-25 18:55:57,306 INFO:Start send AI result
2022-11-25 18:55:58,546 INFO:YOLOR  2022-10-31 torch 1.9.0 CUDA:0 (NVIDIA GeForce RTX 3060 Ti, 8191.5MB)

2022-11-25 18:56:01,267 INFO:Model Summary: 314 layers, 36519530 parameters, 6194944 gradients, 103.4 GFLOPS
2022-11-25 18:58:29,650 INFO:=======================================
2022-11-25 18:58:29,650 INFO:Start send AI result
2022-11-25 18:58:30,859 INFO:YOLOR  2022-10-31 torch 1.9.0 CUDA:0 (NVIDIA GeForce RTX 3060 Ti, 8191.5MB)

2022-11-25 18:58:33,495 INFO:Model Summary: 314 layers, 36519530 parameters, 6194944 gradients, 103.4 GFLOPS
2022-11-25 18:59:30,712 INFO:=======================================
2022-11-25 18:59:30,712 INFO:Start send AI result
2022-11-25 18:59:31,231 ERROR:  Error end
2022-11-25 18:59:46,897 INFO:=======================================
2022-11-25 18:59:46,897 INFO:Start send AI result
2022-11-25 18:59:48,121 INFO:YOLOR  2022-10-31 torch 1.9.0 CUDA:0 (NVIDIA GeForce RTX 3060 Ti, 8191.5MB)

2022-11-25 18:59:50,745 INFO:Model Summary: 314 layers, 36519530 parameters, 6194944 gradients, 103.4 GFLOPS
2022-11-25 19:10:46,716 INFO:=======================================
2022-11-25 19:10:46,716 INFO:Start send AI result
2022-11-25 19:10:47,922 INFO:YOLOR  2022-10-31 torch 1.9.0 CUDA:0 (NVIDIA GeForce RTX 3060 Ti, 8191.5MB)

2022-11-25 19:10:50,598 INFO:Model Summary: 314 layers, 36519530 parameters, 6194944 gradients, 103.4 GFLOPS
2022-11-25 19:15:23,914 INFO:=======================================
2022-11-25 19:15:23,914 INFO:Start send AI result
2022-11-25 19:15:25,199 INFO:YOLOR  2022-10-31 torch 1.9.0 CUDA:0 (NVIDIA GeForce RTX 3060 Ti, 8191.5MB)

2022-11-25 19:15:27,857 INFO:Model Summary: 314 layers, 36519530 parameters, 6194944 gradients, 103.4 GFLOPS
2022-12-01 19:35:28,076 INFO:=======================================
2022-12-01 19:35:28,140 INFO:Start send AI result
2022-12-01 19:35:29,846 INFO:YOLOR  2022-10-31 torch 1.9.0 CUDA:0 (NVIDIA GeForce RTX 3060 Ti, 8191.5MB)

2022-12-01 19:35:35,437 INFO:Model Summary: 314 layers, 36519530 parameters, 6194944 gradients, 103.4 GFLOPS
2022-12-01 19:36:10,794 INFO:=======================================
2022-12-01 19:36:10,794 INFO:Start send AI result
2022-12-01 19:36:10,845 INFO:YOLOR  2022-10-31 torch 1.9.0 CUDA:0 (NVIDIA GeForce RTX 3060 Ti, 8191.5MB)

2022-12-01 19:36:13,592 INFO:Model Summary: 314 layers, 36519530 parameters, 6194944 gradients, 103.4 GFLOPS
2022-12-14 15:35:03,858 INFO:=======================================
2022-12-14 15:35:03,874 INFO:Start send AI result
2022-12-14 15:35:03,936 INFO:YOLOR  2022-10-31 torch 1.9.0 CUDA:0 (NVIDIA GeForce RTX 3060 Ti, 8191.5MB)

2022-12-14 15:35:07,265 INFO:Model Summary: 314 layers, 36519530 parameters, 6194944 gradients, 103.4 GFLOPS
2022-12-14 15:36:10,583 INFO:=======================================
2022-12-14 15:36:10,583 INFO:Start send AI result
2022-12-14 15:36:10,630 INFO:YOLOR  2022-10-31 torch 1.9.0 CUDA:0 (NVIDIA GeForce RTX 3060 Ti, 8191.5MB)

2022-12-14 15:36:13,390 INFO:Model Summary: 314 layers, 36519530 parameters, 6194944 gradients, 103.4 GFLOPS
2022-12-14 15:41:56,333 INFO:=======================================
2022-12-14 15:41:56,334 INFO:Start send AI result
2022-12-14 15:41:56,382 INFO:YOLOR  2022-10-31 torch 1.9.0 CUDA:0 (NVIDIA GeForce RTX 3060 Ti, 8191.5MB)

2022-12-14 15:41:59,141 INFO:Model Summary: 314 layers, 36519530 parameters, 6194944 gradients, 103.4 GFLOPS
2022-12-14 15:42:14,969 INFO:=======================================
2022-12-14 15:42:14,969 INFO:Start send AI result
2022-12-14 15:42:15,031 INFO:YOLOR  2022-10-31 torch 1.9.0 CUDA:0 (NVIDIA GeForce RTX 3060 Ti, 8191.5MB)

2022-12-14 15:42:17,818 INFO:Model Summary: 314 layers, 36519530 parameters, 6194944 gradients, 103.4 GFLOPS
2022-12-14 15:48:42,255 INFO:=======================================
2022-12-14 15:48:42,255 INFO:Start send AI result
2022-12-14 15:48:42,302 INFO:YOLOR  2022-10-31 torch 1.9.0 CUDA:0 (NVIDIA GeForce RTX 3060 Ti, 8191.5MB)

2022-12-14 15:48:45,085 INFO:Model Summary: 314 layers, 36519530 parameters, 6194944 gradients, 103.4 GFLOPS
2022-12-14 15:48:58,206 INFO:=======================================
2022-12-14 15:48:58,206 INFO:Start send AI result
2022-12-14 15:48:58,262 INFO:YOLOR  2022-10-31 torch 1.9.0 CUDA:0 (NVIDIA GeForce RTX 3060 Ti, 8191.5MB)

2022-12-14 15:49:01,043 INFO:Model Summary: 314 layers, 36519530 parameters, 6194944 gradients, 103.4 GFLOPS
